[
  {
    "Plan": {
      "Node Type": "Bitmap Heap Scan",
      "Parallel Aware": false,
      "Relation Name": "product",
      "Schema": "public",
      "Alias": "product",
      "Startup Cost": 848.46,
      "Total Cost": 2331.68,
      "Plan Rows": 75377,
      "Plan Width": 16,
      "Actual Startup Time": 3.280,
      "Actual Total Time": 7.853,
      "Actual Rows": 75027,
      "Actual Loops": 1,
      "Output": ["id", "number_of_foos", "length_of_bar"],
      "Recheck Cond": "(product.number_of_foos > 0)",
      "Rows Removed by Index Recheck": 0,
      "Exact Heap Blocks": 541,
      "Lossy Heap Blocks": 0,
      "Shared Hit Blocks": 541,
      "Shared Read Blocks": 65,
      "Shared Dirtied Blocks": 0,
      "Shared Written Blocks": 0,
      "Local Hit Blocks": 0,
      "Local Read Blocks": 0,
      "Local Dirtied Blocks": 0,
      "Local Written Blocks": 0,
      "Temp Read Blocks": 0,
      "Temp Written Blocks": 0,
      "Plans": [
        {
          "Node Type": "Bitmap Index Scan",
          "Parent Relationship": "Outer",
          "Parallel Aware": false,
          "Index Name": "product_number_of_foos_idx",
          "Startup Cost": 0.00,
          "Total Cost": 829.62,
          "Plan Rows": 75377,
          "Plan Width": 0,
          "Actual Startup Time": 3.239,
          "Actual Total Time": 3.239,
          "Actual Rows": 75027,
          "Actual Loops": 1,
          "Index Cond": "(product.number_of_foos > 0)",
          "Shared Hit Blocks": 0,
          "Shared Read Blocks": 65,
          "Shared Dirtied Blocks": 0,
          "Shared Written Blocks": 0,
          "Local Hit Blocks": 0,
          "Local Read Blocks": 0,
          "Local Dirtied Blocks": 0,
          "Local Written Blocks": 0,
          "Temp Read Blocks": 0,
          "Temp Written Blocks": 0
        }
      ]
    },
    "Planning": {
      "Shared Hit Blocks": 0,
      "Shared Read Blocks": 0,
      "Shared Dirtied Blocks": 0,
      "Shared Written Blocks": 0,
      "Local Hit Blocks": 0,
      "Local Read Blocks": 0,
      "Local Dirtied Blocks": 0,
      "Local Written Blocks": 0,
      "Temp Read Blocks": 0,
      "Temp Written Blocks": 0
    },
    "Planning Time": 0.089,
    "Triggers": [
    ],
    "Execution Time": 9.480
  }
]
